Crashlog created at Thu Jun 20 17:18:07 +0100 2013

===== MESSAGE:

Errno::EADDRINUSE: Address already in use - bind(2)

===== COMPILATION STACK:

  (empty)

===== STACK TRACE:

  0. /System/Library/Frameworks/Ruby.framework/Versions/1.8/usr/lib/ruby/gems/1.8/gems/mongrel-1.1.5/lib/mongrel/tcphack.rb:12:in `initialize_without_backlog'
  1. /System/Library/Frameworks/Ruby.framework/Versions/1.8/usr/lib/ruby/gems/1.8/gems/mongrel-1.1.5/lib/mongrel/tcphack.rb:12:in `initialize'
  2. /System/Library/Frameworks/Ruby.framework/Versions/1.8/usr/lib/ruby/gems/1.8/gems/mongrel-1.1.5/lib/mongrel.rb:93:in `new'
  3. /System/Library/Frameworks/Ruby.framework/Versions/1.8/usr/lib/ruby/gems/1.8/gems/mongrel-1.1.5/lib/mongrel.rb:93:in `initialize'
  4. /Users/simonwood/.gem/ruby/1.8/gems/rack-1.4.5/lib/rack/handler/mongrel.rb:10:in `new'
  5. /Users/simonwood/.gem/ruby/1.8/gems/rack-1.4.5/lib/rack/handler/mongrel.rb:10:in `run'
  6. /Library/Ruby/Gems/1.8/gems/nanoc-3.6.4/lib/nanoc/cli/commands/view.rb:51:in `run'
  7. /Library/Ruby/Gems/1.8/gems/nanoc-3.6.4/lib/nanoc/cli/command_runner.rb:14:in `call'
  8. /Library/Ruby/Gems/1.8/gems/nanoc-3.6.4/lib/nanoc/cli/error_handler.rb:70:in `handle_while'
  9. /Library/Ruby/Gems/1.8/gems/nanoc-3.6.4/lib/nanoc/cli/error_handler.rb:26:in `handle_while'
  10. /Library/Ruby/Gems/1.8/gems/nanoc-3.6.4/lib/nanoc/cli/command_runner.rb:13:in `call'
  11. /Library/Ruby/Gems/1.8/gems/cri-2.3.0/lib/cri/command_dsl.rb:185:in `runner'
  12. /Library/Ruby/Gems/1.8/gems/cri-2.3.0/lib/cri/command.rb:296:in `call'
  13. /Library/Ruby/Gems/1.8/gems/cri-2.3.0/lib/cri/command.rb:296:in `run_this'
  14. /Library/Ruby/Gems/1.8/gems/cri-2.3.0/lib/cri/command.rb:249:in `run'
  15. /Library/Ruby/Gems/1.8/gems/cri-2.3.0/lib/cri/command.rb:262:in `run'
  16. /Library/Ruby/Gems/1.8/gems/nanoc-3.6.4/lib/nanoc/cli.rb:52:in `run'
  17. /Library/Ruby/Gems/1.8/gems/nanoc-3.6.4/lib/nanoc/cli/error_handler.rb:70:in `handle_while'
  18. /Library/Ruby/Gems/1.8/gems/nanoc-3.6.4/lib/nanoc/cli/error_handler.rb:26:in `handle_while'
  19. /Library/Ruby/Gems/1.8/gems/nanoc-3.6.4/lib/nanoc/cli.rb:50:in `run'
  20. /Library/Ruby/Gems/1.8/gems/nanoc-3.6.4/bin/nanoc:19
  21. /usr/bin/nanoc:23:in `load'
  ... 24 more lines omitted. See full crash log for details.

===== VERSION INFORMATION:

nanoc 3.6.4 © 2007-2013 Denis Defreyne.
Running ruby 1.8.7 (2012-02-08) on universal-darwin10.0 with RubyGems 2.0.3.

===== SYSTEM INFORMATION:

Darwin 1702-New-Business.local 10.8.0 Darwin Kernel Version 10.8.0: Tue Jun  7 16:32:41 PDT 2011; root:xnu-1504.15.3~1/RELEASE_X86_64 x86_64

===== INSTALLED GEMS:

  treetop 1.4.14
  safe_yaml 0.7.1
  highline 1.5.0, 1.6.19
  classifier 1.3.3
  rails 1.2.6, 2.3.5
  sqlite3 1.3.7
  sprockets 2.2.2
  actionwebservice 1.2.6
  hike 1.2.3
  libxml-ruby 1.1.2, 2.6.0
  net-sftp 1.1.1, 2.0.1, 2.1.2
  dnssd 0.6.0, 2.0
  mime-types 1.19, 1.23
  uuidtools 2.1.3, 2.1.4
  terminal-table 1.4.5
  json_pure 1.6.7, 1.8.0
  directory_watcher 1.4.1
  activesupport 1.4.4, 2.3.5, 3.2.13
  yajl-ruby 1.1.0
  pygments.rb 0.5.0
  colorator 0.1
  mail 2.5.4
  af 0.3.18.7, 0.3.18.12
  fastthread 1.0.1, 1.0.7
  jekyll 1.0.3
  erubis 2.7.0
  gem_plugin 0.2.3
  tilt 1.4.1
  kramdown 1.0.2
  polyglot 0.3.3
  json 1.8.0
  needle 1.3.0
  activeresource 2.3.5, 3.2.13
  nanoc 3.6.4
  addressable 2.2.8, 2.3.4
  cri 2.3.0
  activerecord 1.15.6, 2.3.5, 3.2.13
  hpricot 0.6.164, 0.8.6
  ruby-openid 2.1.2, 2.2.3
  net-ssh 1.1.4, 2.0.4, 2.6.7
  termios 0.9.4
  RedCloth 4.1.1, 4.2.9
  fast-stemmer 1.0.2
  net-scp 1.0.1, 1.1.1
  rack-ssl 1.3.3
  actionmailer 1.3.6, 2.3.5, 3.2.13
  rake 0.8.3, 10.0.4
  daemons 1.0.10, 1.1.9
  xmpp4r 0.4, 0.5
  rubynode 0.1.5
  net-ssh-gateway 1.0.0, 1.2.0
  commander 4.1.3
  actionpack 1.13.6, 2.3.5, 3.2.13
  adsf 1.1.1
  ferret 0.11.6, 0.11.8.5
  tzinfo 0.3.37
  syntax 1.0.0
  liquid 2.5.0
  rack-test 0.6.2
  rack-cache 1.2
  fcgi 0.8.7, 0.9.1
  cgi_multipart_eof_fix 2.5.0
  multi_json 1.7.7
  rb-readline 0.4.2, 0.5.0
  ruby-yadis 0.3.4
  rubyzip 0.9.9
  rubygems-update 2.0.3
  journey 1.0.4
  rest-client 1.6.7
  acts_as_ferret 0.4.3
  maruku 0.6.1
  builder 3.0.4
  rack 1.0.1, 1.4.5
  activemodel 3.2.13
  arel 3.0.2
  sqlite3-ruby 1.2.4, 1.3.3
  mongrel 1.1.5
  i18n 0.6.1
  posix-spawn 0.3.6
  interact 0.4.8, 0.5.2
  colored 1.2
  capistrano 2.5.2, 2.15.4

===== ENVIRONMENT:

Apple_PubSub_Socket_Render => "/tmp/launch-PcpgQr/Render"
COMMAND_MODE => "unix2003"
DISPLAY => "/tmp/launch-y9mPxl/org.x:0"
GREP_COLOR => "1;32"
GREP_OPTIONS => "--color=auto"
HOME => "/Users/simonwood"
LANG => "en_GB.UTF-8"
LC_CTYPE => "en_GB.UTF-8"
LESS => "-R"
LOGNAME => "simonwood"
LSCOLORS => "Gxfxcxdxbxegedabagacad"
OLDPWD => "/Volumes/Data Storage/workspace"
PAGER => "less"
PATH => "/usr/bin:/bin:/usr/sbin:/sbin:/usr/local/bin:/usr/X11/bin:/Library/Frameworks/Python.framework/Versions/2.7/bin:/Library/Frameworks/Python.framework/Versions/2.7/bin:/usr/bin:/bin:/usr/sbin:/sbin:/usr/local/bin:/usr/X11/bin"
PWD => "/Volumes/Data Storage/workspace/hpoom.github.io"
SHELL => "/bin/zsh"
SHLVL => "1"
SSH_AUTH_SOCK => "/tmp/launch-1x7FRN/Listeners"
TERM => "xterm-color"
TERM_PROGRAM => "Apple_Terminal"
TERM_PROGRAM_VERSION => "273.1"
TMPDIR => "/var/folders/bq/bq7h53lKHgCVosa+yme3BU++88g/-Tmp-/"
USER => "simonwood"
_ => "/usr/bin/nanoc"
__CF_USER_TEXT_ENCODING => "0x28AB:0:2"

===== LOAD PATHS:

  0. projects/mongrel_experimental/lib/
  1. /Library/Ruby/Gems/1.8/gems/nanoc-3.6.4/lib
  2. /Library/Ruby/Gems/1.8/gems/colored-1.2/lib
  3. /Library/Ruby/Gems/1.8/gems/cri-2.3.0/lib
  4. /Library/Ruby/Gems/1.8/gems/nanoc-3.6.4/lib
  5. /Library/Ruby/Gems/1.8/gems/adsf-1.1.1/lib
  6. /Users/simonwood/.gem/ruby/1.8/gems/rack-1.4.5/lib
  7. /System/Library/Frameworks/Ruby.framework/Versions/1.8/usr/lib/ruby/gems/1.8/gems/gem_plugin-0.2.3/lib
  8. /System/Library/Frameworks/Ruby.framework/Versions/1.8/usr/lib/ruby/gems/1.8/gems/cgi_multipart_eof_fix-2.5.0/lib
  9. /System/Library/Frameworks/Ruby.framework/Versions/1.8/usr/lib/ruby/gems/1.8/gems/mongrel-1.1.5/lib
  10. /System/Library/Frameworks/Ruby.framework/Versions/1.8/usr/lib/ruby/gems/1.8/gems/mongrel-1.1.5/ext
  11. /Users/simonwood/.gem/ruby/1.8/gems/fastthread-1.0.7/lib
  12. /Users/simonwood/.gem/ruby/1.8/gems/fastthread-1.0.7/ext
  13. /Library/Ruby/Site/1.8
  14. /Library/Ruby/Site/1.8/powerpc-darwin10.0
  15. /Library/Ruby/Site/1.8/universal-darwin10.0
  16. /Library/Ruby/Site
  17. /System/Library/Frameworks/Ruby.framework/Versions/1.8/usr/lib/ruby/vendor_ruby/1.8
  18. /System/Library/Frameworks/Ruby.framework/Versions/1.8/usr/lib/ruby/vendor_ruby/1.8/universal-darwin10.0
  19. /System/Library/Frameworks/Ruby.framework/Versions/1.8/usr/lib/ruby/vendor_ruby
  20. /System/Library/Frameworks/Ruby.framework/Versions/1.8/usr/lib/ruby/1.8
  21. /System/Library/Frameworks/Ruby.framework/Versions/1.8/usr/lib/ruby/1.8/powerpc-darwin10.0
  22. /System/Library/Frameworks/Ruby.framework/Versions/1.8/usr/lib/ruby/1.8/universal-darwin10.0
  23. .
